[21-Feb-2015 09:24:54 Europe/Istanbul] PHP Notice:  Undefined index: start in /var/www/vhosts/vancat.org/vukuat.com/app/controllers/C_uye.php on line 388
[21-Feb-2015 09:24:54 Europe/Istanbul] PHP Notice:  Undefined index: email in /var/www/vhosts/vancat.org/vukuat.com/app/controllers/C_uye.php on line 552
[21-Feb-2015 09:24:54 Europe/Istanbul] PHP Notice:  Undefined variable: data in /var/www/vhosts/vancat.org/vukuat.com/app/controllers/C_uye.php on line 626
[21-Feb-2015 13:56:59 Europe/Istanbul] PHP Warning:  file_get_contents(http://www.mgm.gov.tr/mobile/tahmin-il-ve-ilceler.aspx?m=Adana): failed to open stream: HTTP request failed!  in /var/www/vhosts/vancat.org/vukuat.com/lib/Hava.php on line 31
[21-Feb-2015 13:56:59 Europe/Istanbul] PHP Warning:  DOMDocument::loadHTML(): Empty string supplied as input in /var/www/vhosts/vancat.org/vukuat.com/lib/Hava.php on line 34
[21-Feb-2015 13:56:59 Europe/Istanbul] PHP Notice:  Trying to get property of non-object in /var/www/vhosts/vancat.org/vukuat.com/lib/Hava.php on line 36
[21-Feb-2015 13:56:59 Europe/Istanbul] PHP Notice:  Trying to get property of non-object in /var/www/vhosts/vancat.org/vukuat.com/lib/Hava.php on line 38
[21-Feb-2015 13:56:59 Europe/Istanbul] PHP Fatal error:  Call to a member function getAttribute() on a non-object in /var/www/vhosts/vancat.org/vukuat.com/lib/Hava.php on line 59
[21-Feb-2015 15:09:27 Europe/Istanbul] PHP Fatal error:  Call to undefined function create_image() in /var/www/vhosts/vancat.org/vukuat.com/app/controllers/C_guvenlik.php on line 46
[21-Feb-2015 17:39:01 Europe/Istanbul] PHP Notice:  Undefined variable: ub in /var/www/vhosts/vancat.org/vukuat.com/lib/Security.php on line 229
[21-Feb-2015 17:39:01 Europe/Istanbul] PHP Notice:  Undefined variable: ub in /var/www/vhosts/vancat.org/vukuat.com/lib/Security.php on line 253
[21-Feb-2015 17:39:01 Europe/Istanbul] PHP Notice:  Undefined offset: 1 in /var/www/vhosts/vancat.org/vukuat.com/lib/Security.php on line 261
[21-Feb-2015 20:18:53 Europe/Istanbul] PHP Fatal error:  Call to undefined function create_image() in /var/www/vhosts/vancat.org/vukuat.com/app/controllers/C_guvenlik.php on line 46
[21-Feb-2015 20:31:26 Europe/Istanbul] PHP Fatal error:  Call to undefined function create_image() in /var/www/vhosts/vancat.org/vukuat.com/app/controllers/C_guvenlik.php on line 46
[21-Feb-2015 22:23:40 Europe/Istanbul] PHP Fatal error:  Call to undefined function create_image() in /var/www/vhosts/vancat.org/vukuat.com/app/controllers/C_guvenlik.php on line 46
[22-Feb-2015 01:16:38 Europe/Istanbul] PHP Fatal error:  Call to undefined function create_image() in /var/www/vhosts/vancat.org/vukuat.com/app/controllers/C_guvenlik.php on line 46
[22-Feb-2015 01:30:44 Europe/Istanbul] PHP Notice:  Undefined index: start in /var/www/vhosts/vancat.org/vukuat.com/app/controllers/C_uye.php on line 388
[22-Feb-2015 01:30:44 Europe/Istanbul] PHP Notice:  Undefined index: email in /var/www/vhosts/vancat.org/vukuat.com/app/controllers/C_uye.php on line 552
[22-Feb-2015 01:30:44 Europe/Istanbul] PHP Notice:  Undefined variable: data in /var/www/vhosts/vancat.org/vukuat.com/app/controllers/C_uye.php on line 626
[22-Feb-2015 04:23:13 Europe/Istanbul] PHP Fatal error:  Call to undefined function create_image() in /var/www/vhosts/vancat.org/vukuat.com/app/controllers/C_guvenlik.php on line 46
[22-Feb-2015 07:48:20 Europe/Istanbul] PHP Fatal error:  Call to undefined function create_image() in /var/www/vhosts/vancat.org/vukuat.com/app/controllers/C_guvenlik.php on line 46
[22-Feb-2015 10:17:49 Europe/Istanbul] PHP Fatal error:  Call to undefined function create_image() in /var/www/vhosts/vancat.org/vukuat.com/app/controllers/C_guvenlik.php on line 46
[22-Feb-2015 12:33:53 Europe/Istanbul] PHP Fatal error:  Call to undefined function create_image() in /var/www/vhosts/vancat.org/vukuat.com/app/controllers/C_guvenlik.php on line 46
[22-Feb-2015 12:50:50 Europe/Istanbul] PHP Fatal error:  Call to undefined function create_image() in /var/www/vhosts/vancat.org/vukuat.com/app/controllers/C_guvenlik.php on line 46
[22-Feb-2015 12:58:05 Europe/Istanbul] PHP Fatal error:  Call to undefined function create_image() in /var/www/vhosts/vancat.org/vukuat.com/app/controllers/C_guvenlik.php on line 46
[22-Feb-2015 15:28:07 Europe/Istanbul] PHP Fatal error:  Call to undefined function create_image() in /var/www/vhosts/vancat.org/vukuat.com/app/controllers/C_guvenlik.php on line 46
[22-Feb-2015 16:08:06 Europe/Istanbul] PHP Fatal error:  Call to undefined function create_image() in /var/www/vhosts/vancat.org/vukuat.com/app/controllers/C_guvenlik.php on line 46
[22-Feb-2015 17:38:43 Europe/Istanbul] PHP Notice:  Undefined variable: ub in /var/www/vhosts/vancat.org/vukuat.com/lib/Security.php on line 229
[22-Feb-2015 17:38:43 Europe/Istanbul] PHP Notice:  Undefined variable: ub in /var/www/vhosts/vancat.org/vukuat.com/lib/Security.php on line 253
[22-Feb-2015 17:38:43 Europe/Istanbul] PHP Notice:  Undefined offset: 1 in /var/www/vhosts/vancat.org/vukuat.com/lib/Security.php on line 261
[22-Feb-2015 18:47:26 Europe/Istanbul] PHP Fatal error:  Call to undefined function create_image() in /var/www/vhosts/vancat.org/vukuat.com/app/controllers/C_guvenlik.php on line 46
[22-Feb-2015 20:08:37 Europe/Istanbul] PHP Fatal error:  Call to undefined function create_image() in /var/www/vhosts/vancat.org/vukuat.com/app/controllers/C_guvenlik.php on line 46
[22-Feb-2015 21:46:08 Europe/Istanbul] PHP Notice:  Undefined variable: ub in /var/www/vhosts/vancat.org/vukuat.com/lib/Security.php on line 229
[22-Feb-2015 21:46:08 Europe/Istanbul] PHP Notice:  Undefined variable: ub in /var/www/vhosts/vancat.org/vukuat.com/lib/Security.php on line 253
[23-Feb-2015 03:43:22 Europe/Istanbul] PHP Fatal error:  Call to undefined function create_image() in /var/www/vhosts/vancat.org/vukuat.com/app/controllers/C_guvenlik.php on line 46
[23-Feb-2015 05:38:22 Europe/Istanbul] PHP Fatal error:  Call to undefined function create_image() in /var/www/vhosts/vancat.org/vukuat.com/app/controllers/C_guvenlik.php on line 46
[23-Feb-2015 09:35:26 Europe/Istanbul] PHP Fatal error:  Call to undefined function create_image() in /var/www/vhosts/vancat.org/vukuat.com/app/controllers/C_guvenlik.php on line 46
[23-Feb-2015 12:55:55 Europe/Istanbul] PHP Fatal error:  Call to undefined function create_image() in /var/www/vhosts/vancat.org/vukuat.com/app/controllers/C_guvenlik.php on line 46
[23-Feb-2015 13:02:54 Europe/Istanbul] PHP Fatal error:  Call to undefined function create_image() in /var/www/vhosts/vancat.org/vukuat.com/app/controllers/C_guvenlik.php on line 46
[23-Feb-2015 15:49:41 Europe/Istanbul] PHP Fatal error:  Call to undefined function create_image() in /var/www/vhosts/vancat.org/vukuat.com/app/controllers/C_guvenlik.php on line 46
[23-Feb-2015 17:25:06 Europe/Istanbul] PHP Fatal error:  Call to undefined function create_image() in /var/www/vhosts/vancat.org/vukuat.com/app/controllers/C_guvenlik.php on line 46
[23-Feb-2015 17:31:53 Europe/Istanbul] PHP Fatal error:  Call to undefined function create_image() in /var/www/vhosts/vancat.org/vukuat.com/app/controllers/C_guvenlik.php on line 46
[23-Feb-2015 17:39:24 Europe/Istanbul] PHP Notice:  Undefined variable: ub in /var/www/vhosts/vancat.org/vukuat.com/lib/Security.php on line 229
[23-Feb-2015 17:39:24 Europe/Istanbul] PHP Notice:  Undefined variable: ub in /var/www/vhosts/vancat.org/vukuat.com/lib/Security.php on line 253
[23-Feb-2015 17:39:24 Europe/Istanbul] PHP Notice:  Undefined offset: 1 in /var/www/vhosts/vancat.org/vukuat.com/lib/Security.php on line 261
[23-Feb-2015 19:01:30 Europe/Istanbul] PHP Fatal error:  Call to undefined function create_image() in /var/www/vhosts/vancat.org/vukuat.com/app/controllers/C_guvenlik.php on line 46
[23-Feb-2015 19:59:45 Europe/Istanbul] PHP Fatal error:  Call to undefined function create_image() in /var/www/vhosts/vancat.org/vukuat.com/app/controllers/C_guvenlik.php on line 46
[23-Feb-2015 20:23:21 Europe/Istanbul] PHP Fatal error:  Call to undefined function create_image() in /var/www/vhosts/vancat.org/vukuat.com/app/controllers/C_guvenlik.php on line 46
[23-Feb-2015 23:13:06 Europe/Istanbul] PHP Fatal error:  Call to undefined function create_image() in /var/www/vhosts/vancat.org/vukuat.com/app/controllers/C_guvenlik.php on line 46
[24-Feb-2015 01:18:43 Europe/Istanbul] PHP Fatal error:  Call to undefined function create_image() in /var/www/vhosts/vancat.org/vukuat.com/app/controllers/C_guvenlik.php on line 46
[24-Feb-2015 02:18:42 Europe/Istanbul] PHP Fatal error:  Call to undefined function create_image() in /var/www/vhosts/vancat.org/vukuat.com/app/controllers/C_guvenlik.php on line 46
[24-Feb-2015 04:01:50 Europe/Istanbul] PHP Fatal error:  Call to undefined function create_image() in /var/www/vhosts/vancat.org/vukuat.com/app/controllers/C_guvenlik.php on line 46
[24-Feb-2015 07:47:44 Europe/Istanbul] PHP Fatal error:  Call to undefined function create_image() in /var/www/vhosts/vancat.org/vukuat.com/app/controllers/C_guvenlik.php on line 46
[24-Feb-2015 10:55:41 Europe/Istanbul] PHP Fatal error:  Call to undefined function create_image() in /var/www/vhosts/vancat.org/vukuat.com/app/controllers/C_guvenlik.php on line 46
[24-Feb-2015 16:10:35 Europe/Istanbul] PHP Fatal error:  Call to undefined function create_image() in /var/www/vhosts/vancat.org/vukuat.com/app/controllers/C_guvenlik.php on line 46
[24-Feb-2015 17:40:18 Europe/Istanbul] PHP Notice:  Undefined variable: ub in /var/www/vhosts/vancat.org/vukuat.com/lib/Security.php on line 229
[24-Feb-2015 17:40:18 Europe/Istanbul] PHP Notice:  Undefined variable: ub in /var/www/vhosts/vancat.org/vukuat.com/lib/Security.php on line 253
[24-Feb-2015 17:40:18 Europe/Istanbul] PHP Notice:  Undefined offset: 1 in /var/www/vhosts/vancat.org/vukuat.com/lib/Security.php on line 261
[24-Feb-2015 20:25:38 Europe/Istanbul] PHP Fatal error:  Call to undefined function create_image() in /var/www/vhosts/vancat.org/vukuat.com/app/controllers/C_guvenlik.php on line 46
[25-Feb-2015 07:57:06 Europe/Istanbul] PHP Fatal error:  Call to undefined function create_image() in /var/www/vhosts/vancat.org/vukuat.com/app/controllers/C_guvenlik.php on line 46
[25-Feb-2015 11:53:59 Europe/Istanbul] PHP Notice:  Undefined index: start in /var/www/vhosts/vancat.org/vukuat.com/app/controllers/C_uye.php on line 388
[25-Feb-2015 11:53:59 Europe/Istanbul] PHP Notice:  Undefined index: email in /var/www/vhosts/vancat.org/vukuat.com/app/controllers/C_uye.php on line 552
[25-Feb-2015 11:53:59 Europe/Istanbul] PHP Notice:  Undefined variable: data in /var/www/vhosts/vancat.org/vukuat.com/app/controllers/C_uye.php on line 626
[25-Feb-2015 12:08:47 Europe/Istanbul] PHP Notice:  Undefined variable: ub in /var/www/vhosts/vancat.org/vukuat.com/lib/Security.php on line 229
[25-Feb-2015 12:08:47 Europe/Istanbul] PHP Notice:  Undefined variable: ub in /var/www/vhosts/vancat.org/vukuat.com/lib/Security.php on line 253
[25-Feb-2015 12:59:47 Europe/Istanbul] PHP Fatal error:  Call to undefined function create_image() in /var/www/vhosts/vancat.org/vukuat.com/app/controllers/C_guvenlik.php on line 46
[25-Feb-2015 17:39:44 Europe/Istanbul] PHP Notice:  Undefined variable: ub in /var/www/vhosts/vancat.org/vukuat.com/lib/Security.php on line 229
[25-Feb-2015 17:39:44 Europe/Istanbul] PHP Notice:  Undefined variable: ub in /var/www/vhosts/vancat.org/vukuat.com/lib/Security.php on line 253
[25-Feb-2015 17:39:44 Europe/Istanbul] PHP Notice:  Undefined offset: 1 in /var/www/vhosts/vancat.org/vukuat.com/lib/Security.php on line 261
[25-Feb-2015 18:42:56 Europe/Istanbul] PHP Fatal error:  Call to undefined function create_image() in /var/www/vhosts/vancat.org/vukuat.com/app/controllers/C_guvenlik.php on line 46
[25-Feb-2015 22:40:43 Europe/Istanbul] PHP Fatal error:  Call to undefined function create_image() in /var/www/vhosts/vancat.org/vukuat.com/app/controllers/C_guvenlik.php on line 46
[25-Feb-2015 22:40:59 Europe/Istanbul] PHP Notice:  Undefined index: start in /var/www/vhosts/vancat.org/vukuat.com/app/controllers/C_uye.php on line 388
[25-Feb-2015 22:40:59 Europe/Istanbul] PHP Notice:  Undefined index: email in /var/www/vhosts/vancat.org/vukuat.com/app/controllers/C_uye.php on line 552
[25-Feb-2015 22:40:59 Europe/Istanbul] PHP Notice:  Undefined variable: data in /var/www/vhosts/vancat.org/vukuat.com/app/controllers/C_uye.php on line 626
[26-Feb-2015 07:23:40 Europe/Istanbul] PHP Fatal error:  Call to undefined function create_image() in /var/www/vhosts/vancat.org/vukuat.com/app/controllers/C_guvenlik.php on line 46
[26-Feb-2015 07:56:19 Europe/Istanbul] PHP Fatal error:  Call to undefined function create_image() in /var/www/vhosts/vancat.org/vukuat.com/app/controllers/C_guvenlik.php on line 46
[26-Feb-2015 11:13:37 Europe/Istanbul] PHP Fatal error:  Call to undefined function create_image() in /var/www/vhosts/vancat.org/vukuat.com/app/controllers/C_guvenlik.php on line 46
[26-Feb-2015 13:31:24 Europe/Istanbul] PHP Fatal error:  Call to undefined function create_image() in /var/www/vhosts/vancat.org/vukuat.com/app/controllers/C_guvenlik.php on line 46
[26-Feb-2015 15:49:23 Europe/Istanbul] PHP Fatal error:  Call to undefined function create_image() in /var/www/vhosts/vancat.org/vukuat.com/app/controllers/C_guvenlik.php on line 46
[26-Feb-2015 17:39:17 Europe/Istanbul] PHP Notice:  Undefined variable: ub in /var/www/vhosts/vancat.org/vukuat.com/lib/Security.php on line 229
[26-Feb-2015 17:39:17 Europe/Istanbul] PHP Notice:  Undefined variable: ub in /var/www/vhosts/vancat.org/vukuat.com/lib/Security.php on line 253
[26-Feb-2015 17:39:17 Europe/Istanbul] PHP Notice:  Undefined offset: 1 in /var/www/vhosts/vancat.org/vukuat.com/lib/Security.php on line 261
[26-Feb-2015 18:38:04 Europe/Istanbul] PHP Fatal error:  Call to undefined function create_image() in /var/www/vhosts/vancat.org/vukuat.com/app/controllers/C_guvenlik.php on line 46
[26-Feb-2015 18:46:51 Europe/Istanbul] PHP Fatal error:  Call to undefined function create_image() in /var/www/vhosts/vancat.org/vukuat.com/app/controllers/C_guvenlik.php on line 46
[26-Feb-2015 18:47:02 Europe/Istanbul] PHP Fatal error:  Call to undefined function create_image() in /var/www/vhosts/vancat.org/vukuat.com/app/controllers/C_guvenlik.php on line 46
[26-Feb-2015 19:29:59 Europe/Istanbul] PHP Fatal error:  Call to undefined function create_image() in /var/www/vhosts/vancat.org/vukuat.com/app/controllers/C_guvenlik.php on line 46
[26-Feb-2015 20:40:34 Europe/Istanbul] PHP Fatal error:  Call to undefined function create_image() in /var/www/vhosts/vancat.org/vukuat.com/app/controllers/C_guvenlik.php on line 46
[26-Feb-2015 22:32:56 Europe/Istanbul] PHP Fatal error:  Call to undefined function create_image() in /var/www/vhosts/vancat.org/vukuat.com/app/controllers/C_guvenlik.php on line 46
[27-Feb-2015 00:57:41 Europe/Istanbul] PHP Fatal error:  Call to undefined function create_image() in /var/www/vhosts/vancat.org/vukuat.com/app/controllers/C_guvenlik.php on line 46
[27-Feb-2015 02:13:15 Europe/Istanbul] PHP Notice:  Undefined variable: ub in /var/www/vhosts/vancat.org/vukuat.com/lib/Security.php on line 229
[27-Feb-2015 02:13:15 Europe/Istanbul] PHP Notice:  Undefined variable: ub in /var/www/vhosts/vancat.org/vukuat.com/lib/Security.php on line 253
[27-Feb-2015 02:21:54 Europe/Istanbul] PHP Fatal error:  Call to undefined function create_image() in /var/www/vhosts/vancat.org/vukuat.com/app/controllers/C_guvenlik.php on line 46
[27-Feb-2015 02:31:07 Europe/Istanbul] PHP Fatal error:  Call to undefined function create_image() in /var/www/vhosts/vancat.org/vukuat.com/app/controllers/C_guvenlik.php on line 46
[27-Feb-2015 07:24:16 Europe/Istanbul] PHP Fatal error:  Call to undefined function create_image() in /var/www/vhosts/vancat.org/vukuat.com/app/controllers/C_guvenlik.php on line 46
[27-Feb-2015 08:23:11 Europe/Istanbul] PHP Notice:  Undefined variable: ub in /var/www/vhosts/vancat.org/vukuat.com/lib/Security.php on line 229
[27-Feb-2015 08:23:11 Europe/Istanbul] PHP Notice:  Undefined variable: ub in /var/www/vhosts/vancat.org/vukuat.com/lib/Security.php on line 253
[27-Feb-2015 10:59:39 Europe/Istanbul] PHP Fatal error:  Call to undefined function create_image() in /var/www/vhosts/vancat.org/vukuat.com/app/controllers/C_guvenlik.php on line 46
[27-Feb-2015 13:34:58 Europe/Istanbul] PHP Fatal error:  Call to undefined function create_image() in /var/www/vhosts/vancat.org/vukuat.com/app/controllers/C_guvenlik.php on line 46
[27-Feb-2015 17:18:37 Europe/Istanbul] PHP Fatal error:  Call to undefined function create_image() in /var/www/vhosts/vancat.org/vukuat.com/app/controllers/C_guvenlik.php on line 46
[27-Feb-2015 17:39:11 Europe/Istanbul] PHP Notice:  Undefined variable: ub in /var/www/vhosts/vancat.org/vukuat.com/lib/Security.php on line 229
[27-Feb-2015 17:39:11 Europe/Istanbul] PHP Notice:  Undefined variable: ub in /var/www/vhosts/vancat.org/vukuat.com/lib/Security.php on line 253
[27-Feb-2015 17:39:11 Europe/Istanbul] PHP Notice:  Undefined offset: 1 in /var/www/vhosts/vancat.org/vukuat.com/lib/Security.php on line 261
[27-Feb-2015 19:24:29 Europe/Istanbul] PHP Fatal error:  Call to undefined function create_image() in /var/www/vhosts/vancat.org/vukuat.com/app/controllers/C_guvenlik.php on line 46
[28-Feb-2015 01:29:21 Europe/Istanbul] PHP Fatal error:  Call to undefined function create_image() in /var/www/vhosts/vancat.org/vukuat.com/app/controllers/C_guvenlik.php on line 46
[28-Feb-2015 05:49:47 Europe/Istanbul] PHP Notice:  Undefined variable: ub in /var/www/vhosts/vancat.org/vukuat.com/lib/Security.php on line 229
[28-Feb-2015 05:49:47 Europe/Istanbul] PHP Notice:  Undefined variable: ub in /var/www/vhosts/vancat.org/vukuat.com/lib/Security.php on line 253
[28-Feb-2015 07:45:27 Europe/Istanbul] PHP Fatal error:  Call to undefined function create_image() in /var/www/vhosts/vancat.org/vukuat.com/app/controllers/C_guvenlik.php on line 46
[28-Feb-2015 16:36:51 Europe/Istanbul] PHP Notice:  Undefined variable: ub in /var/www/vhosts/vancat.org/vukuat.com/lib/Security.php on line 229
[28-Feb-2015 16:36:51 Europe/Istanbul] PHP Notice:  Undefined variable: ub in /var/www/vhosts/vancat.org/vukuat.com/lib/Security.php on line 253
[28-Feb-2015 17:38:43 Europe/Istanbul] PHP Notice:  Undefined variable: ub in /var/www/vhosts/vancat.org/vukuat.com/lib/Security.php on line 229
[28-Feb-2015 17:38:43 Europe/Istanbul] PHP Notice:  Undefined variable: ub in /var/www/vhosts/vancat.org/vukuat.com/lib/Security.php on line 253
[28-Feb-2015 17:38:43 Europe/Istanbul] PHP Notice:  Undefined offset: 1 in /var/www/vhosts/vancat.org/vukuat.com/lib/Security.php on line 261
[28-Feb-2015 21:37:43 Europe/Istanbul] PHP Fatal error:  Call to undefined function create_image() in /var/www/vhosts/vancat.org/vukuat.com/app/controllers/C_guvenlik.php on line 46
[28-Feb-2015 21:54:59 Europe/Istanbul] PHP Fatal error:  Call to undefined function create_image() in /var/www/vhosts/vancat.org/vukuat.com/app/controllers/C_guvenlik.php on line 46
[28-Feb-2015 22:53:34 Europe/Istanbul] PHP Fatal error:  Call to undefined function create_image() in /var/www/vhosts/vancat.org/vukuat.com/app/controllers/C_guvenlik.php on line 46
[01-Mar-2015 03:25:41 Europe/Istanbul] PHP Fatal error:  Call to undefined function create_image() in /var/www/vhosts/vancat.org/vukuat.com/app/controllers/C_guvenlik.php on line 46
[01-Mar-2015 04:24:31 Europe/Istanbul] PHP Fatal error:  Call to undefined function create_image() in /var/www/vhosts/vancat.org/vukuat.com/app/controllers/C_guvenlik.php on line 46
[01-Mar-2015 04:45:30 Europe/Istanbul] PHP Fatal error:  Call to undefined function create_image() in /var/www/vhosts/vancat.org/vukuat.com/app/controllers/C_guvenlik.php on line 46
[01-Mar-2015 06:28:06 Europe/Istanbul] PHP Fatal error:  Call to undefined function create_image() in /var/www/vhosts/vancat.org/vukuat.com/app/controllers/C_guvenlik.php on line 46
[01-Mar-2015 07:52:53 Europe/Istanbul] PHP Notice:  Undefined variable: ub in /var/www/vhosts/vancat.org/vukuat.com/lib/Security.php on line 229
[01-Mar-2015 07:52:53 Europe/Istanbul] PHP Notice:  Undefined variable: ub in /var/www/vhosts/vancat.org/vukuat.com/lib/Security.php on line 253
[01-Mar-2015 08:23:06 Europe/Istanbul] PHP Fatal error:  Call to undefined function create_image() in /var/www/vhosts/vancat.org/vukuat.com/app/controllers/C_guvenlik.php on line 46
[01-Mar-2015 09:33:22 Europe/Istanbul] PHP Fatal error:  Call to undefined function create_image() in /var/www/vhosts/vancat.org/vukuat.com/app/controllers/C_guvenlik.php on line 46
[01-Mar-2015 16:42:48 Europe/Istanbul] PHP Fatal error:  Call to undefined function create_image() in /var/www/vhosts/vancat.org/vukuat.com/app/controllers/C_guvenlik.php on line 46
[01-Mar-2015 17:39:17 Europe/Istanbul] PHP Notice:  Undefined variable: ub in /var/www/vhosts/vancat.org/vukuat.com/lib/Security.php on line 229
[01-Mar-2015 17:39:17 Europe/Istanbul] PHP Notice:  Undefined variable: ub in /var/www/vhosts/vancat.org/vukuat.com/lib/Security.php on line 253
[01-Mar-2015 17:39:17 Europe/Istanbul] PHP Notice:  Undefined offset: 1 in /var/www/vhosts/vancat.org/vukuat.com/lib/Security.php on line 261
[01-Mar-2015 23:03:00 Europe/Istanbul] PHP Fatal error:  Call to undefined function create_image() in /var/www/vhosts/vancat.org/vukuat.com/app/controllers/C_guvenlik.php on line 46
[02-Mar-2015 05:02:32 Europe/Istanbul] PHP Fatal error:  Call to undefined function create_image() in /var/www/vhosts/vancat.org/vukuat.com/app/controllers/C_guvenlik.php on line 46
[02-Mar-2015 10:41:08 Europe/Istanbul] PHP Fatal error:  Call to undefined function create_image() in /var/www/vhosts/vancat.org/vukuat.com/app/controllers/C_guvenlik.php on line 46
[02-Mar-2015 17:21:33 Europe/Istanbul] PHP Notice:  Undefined variable: ub in /var/www/vhosts/vancat.org/vukuat.com/lib/Security.php on line 229
[02-Mar-2015 17:21:33 Europe/Istanbul] PHP Notice:  Undefined variable: ub in /var/www/vhosts/vancat.org/vukuat.com/lib/Security.php on line 253
[02-Mar-2015 17:43:32 Europe/Istanbul] PHP Fatal error:  Call to undefined function create_image() in /var/www/vhosts/vancat.org/vukuat.com/app/controllers/C_guvenlik.php on line 46
[02-Mar-2015 17:46:59 Europe/Istanbul] PHP Notice:  Undefined variable: ub in /var/www/vhosts/vancat.org/vukuat.com/lib/Security.php on line 229
[02-Mar-2015 17:46:59 Europe/Istanbul] PHP Notice:  Undefined variable: ub in /var/www/vhosts/vancat.org/vukuat.com/lib/Security.php on line 253
[02-Mar-2015 17:46:59 Europe/Istanbul] PHP Notice:  Undefined offset: 1 in /var/www/vhosts/vancat.org/vukuat.com/lib/Security.php on line 261
[03-Mar-2015 12:36:22 Europe/Istanbul] PHP Notice:  Undefined variable: ub in /var/www/vhosts/vancat.org/vukuat.com/lib/Security.php on line 229
[03-Mar-2015 12:36:22 Europe/Istanbul] PHP Notice:  Undefined variable: ub in /var/www/vhosts/vancat.org/vukuat.com/lib/Security.php on line 253
[03-Mar-2015 12:36:23 Europe/Istanbul] PHP Notice:  Undefined variable: ub in /var/www/vhosts/vancat.org/vukuat.com/lib/Security.php on line 229
[03-Mar-2015 12:36:23 Europe/Istanbul] PHP Notice:  Undefined variable: ub in /var/www/vhosts/vancat.org/vukuat.com/lib/Security.php on line 253
[03-Mar-2015 13:31:42 Europe/Istanbul] PHP Notice:  Undefined variable: ub in /var/www/vhosts/vancat.org/vukuat.com/lib/Security.php on line 229
[03-Mar-2015 13:31:42 Europe/Istanbul] PHP Notice:  Undefined variable: ub in /var/www/vhosts/vancat.org/vukuat.com/lib/Security.php on line 253
